{"/home/runner/work/disc-golf-putting-tr/disc-golf-putting-tr/src/lib/game-logic.ts": {"path":"/home/runner/work/disc-golf-putting-tr/disc-golf-putting-tr/src/lib/game-logic.ts","statementMap":{"0":{"start":{"line":4,"column":23},"end":{"line":4,"column":52}},"1":{"start":{"line":5,"column":2},"end":{"line":16,"column":null}},"2":{"start":{"line":20,"column":2},"end":{"line":31,"column":null}},"3":{"start":{"line":28,"column":6},"end":{"line":28,"column":null}},"4":{"start":{"line":35,"column":2},"end":{"line":35,"column":null}},"5":{"start":{"line":35,"column":37},"end":{"line":35,"column":null}},"6":{"start":{"line":36,"column":2},"end":{"line":36,"column":null}},"7":{"start":{"line":40,"column":2},"end":{"line":42,"column":null}},"8":{"start":{"line":41,"column":4},"end":{"line":41,"column":null}},"9":{"start":{"line":44,"column":2},"end":{"line":47,"column":null}},"10":{"start":{"line":45,"column":28},"end":{"line":45,"column":83}},"11":{"start":{"line":46,"column":4},"end":{"line":46,"column":null}},"12":{"start":{"line":49,"column":2},"end":{"line":49,"column":null}},"13":{"start":{"line":53,"column":2},"end":{"line":58,"column":null}},"14":{"start":{"line":54,"column":4},"end":{"line":56,"column":null}},"15":{"start":{"line":55,"column":6},"end":{"line":55,"column":null}},"16":{"start":{"line":57,"column":4},"end":{"line":57,"column":null}},"17":{"start":{"line":62,"column":21},"end":{"line":62,"column":null}},"18":{"start":{"line":63,"column":25},"end":{"line":63,"column":null}},"19":{"start":{"line":63,"column":52},"end":{"line":63,"column":67}},"20":{"start":{"line":64,"column":30},"end":{"line":64,"column":90}},"21":{"start":{"line":64,"column":60},"end":{"line":64,"column":84}},"22":{"start":{"line":65,"column":27},"end":{"line":67,"column":null}},"23":{"start":{"line":66,"column":17},"end":{"line":66,"column":null}},"24":{"start":{"line":67,"column":14},"end":{"line":67,"column":30}},"25":{"start":{"line":68,"column":19},"end":{"line":68,"column":null}},"26":{"start":{"line":70,"column":2},"end":{"line":77,"column":null}},"27":{"start":{"line":81,"column":2},"end":{"line":81,"column":null}},"28":{"start":{"line":85,"column":2},"end":{"line":87,"column":null}},"29":{"start":{"line":86,"column":4},"end":{"line":86,"column":null}},"30":{"start":{"line":88,"column":2},"end":{"line":88,"column":null}},"31":{"start":{"line":92,"column":2},"end":{"line":92,"column":null}},"32":{"start":{"line":92,"column":17},"end":{"line":92,"column":null}},"33":{"start":{"line":93,"column":2},"end":{"line":93,"column":null}}},"fnMap":{"0":{"name":"createInitialPosition","decl":{"start":{"line":3,"column":16},"end":{"line":3,"column":38}},"loc":{"start":{"line":3,"column":83},"end":{"line":17,"column":null}},"line":3},"1":{"name":"createNewSession","decl":{"start":{"line":19,"column":16},"end":{"line":19,"column":null}},"loc":{"start":{"line":19,"column":16},"end":{"line":32,"column":null}},"line":19},"2":{"name":"(anonymous_2)","decl":{"start":{"line":27,"column":41},"end":{"line":27,"column":42}},"loc":{"start":{"line":28,"column":6},"end":{"line":28,"column":null}},"line":28},"3":{"name":"calculateCarryover","decl":{"start":{"line":34,"column":16},"end":{"line":34,"column":35}},"loc":{"start":{"line":34,"column":53},"end":{"line":37,"column":null}},"line":34},"4":{"name":"calculatePositionScore","decl":{"start":{"line":39,"column":16},"end":{"line":39,"column":39}},"loc":{"start":{"line":39,"column":79},"end":{"line":50,"column":null}},"line":39},"5":{"name":"calculateSessionScore","decl":{"start":{"line":52,"column":16},"end":{"line":52,"column":38}},"loc":{"start":{"line":52,"column":54},"end":{"line":59,"column":null}},"line":52},"6":{"name":"(anonymous_6)","decl":{"start":{"line":53,"column":34},"end":{"line":53,"column":35}},"loc":{"start":{"line":53,"column":42},"end":{"line":58,"column":5}},"line":53},"7":{"name":"createSessionSummary","decl":{"start":{"line":61,"column":16},"end":{"line":61,"column":37}},"loc":{"start":{"line":61,"column":53},"end":{"line":78,"column":null}},"line":61},"8":{"name":"(anonymous_8)","decl":{"start":{"line":63,"column":47},"end":{"line":63,"column":52}},"loc":{"start":{"line":63,"column":52},"end":{"line":63,"column":67}},"line":63},"9":{"name":"(anonymous_9)","decl":{"start":{"line":64,"column":55},"end":{"line":64,"column":60}},"loc":{"start":{"line":64,"column":60},"end":{"line":64,"column":84}},"line":64},"10":{"name":"(anonymous_10)","decl":{"start":{"line":66,"column":12},"end":{"line":66,"column":17}},"loc":{"start":{"line":66,"column":17},"end":{"line":66,"column":null}},"line":66},"11":{"name":"(anonymous_11)","decl":{"start":{"line":67,"column":9},"end":{"line":67,"column":14}},"loc":{"start":{"line":67,"column":14},"end":{"line":67,"column":30}},"line":67},"12":{"name":"getPositionName","decl":{"start":{"line":80,"column":16},"end":{"line":80,"column":32}},"loc":{"start":{"line":80,"column":54},"end":{"line":82,"column":null}},"line":80},"13":{"name":"formatDuration","decl":{"start":{"line":84,"column":16},"end":{"line":84,"column":31}},"loc":{"start":{"line":84,"column":46},"end":{"line":89,"column":null}},"line":84},"14":{"name":"formatScore","decl":{"start":{"line":91,"column":16},"end":{"line":91,"column":28}},"loc":{"start":{"line":91,"column":41},"end":{"line":94,"column":null}},"line":91}},"branchMap":{"0":{"loc":{"start":{"line":3,"column":62},"end":{"line":3,"column":83}},"type":"default-arg","locations":[{"start":{"line":3,"column":82},"end":{"line":3,"column":83}}],"line":3},"1":{"loc":{"start":{"line":35,"column":2},"end":{"line":35,"column":null}},"type":"if","locations":[{"start":{"line":35,"column":2},"end":{"line":35,"column":null}},{"start":{},"end":{}}],"line":35},"2":{"loc":{"start":{"line":40,"column":2},"end":{"line":42,"column":null}},"type":"if","locations":[{"start":{"line":40,"column":2},"end":{"line":42,"column":null}},{"start":{},"end":{}}],"line":40},"3":{"loc":{"start":{"line":40,"column":6},"end":{"line":40,"column":53}},"type":"binary-expr","locations":[{"start":{"line":40,"column":6},"end":{"line":40,"column":39}},{"start":{"line":40,"column":39},"end":{"line":40,"column":53}}],"line":40},"4":{"loc":{"start":{"line":44,"column":2},"end":{"line":47,"column":null}},"type":"if","locations":[{"start":{"line":44,"column":2},"end":{"line":47,"column":null}},{"start":{},"end":{}}],"line":44},"5":{"loc":{"start":{"line":44,"column":6},"end":{"line":44,"column":83}},"type":"binary-expr","locations":[{"start":{"line":44,"column":6},"end":{"line":44,"column":50}},{"start":{"line":44,"column":50},"end":{"line":44,"column":65}},{"start":{"line":44,"column":65},"end":{"line":44,"column":83}}],"line":44},"6":{"loc":{"start":{"line":54,"column":4},"end":{"line":56,"column":null}},"type":"if","locations":[{"start":{"line":54,"column":4},"end":{"line":56,"column":null}},{"start":{},"end":{}}],"line":54},"7":{"loc":{"start":{"line":68,"column":19},"end":{"line":68,"column":null}},"type":"cond-expr","locations":[{"start":{"line":68,"column":37},"end":{"line":68,"column":89}},{"start":{"line":68,"column":89},"end":{"line":68,"column":null}}],"line":68},"8":{"loc":{"start":{"line":85,"column":2},"end":{"line":87,"column":null}},"type":"if","locations":[{"start":{"line":85,"column":2},"end":{"line":87,"column":null}},{"start":{},"end":{}}],"line":85},"9":{"loc":{"start":{"line":92,"column":2},"end":{"line":92,"column":null}},"type":"if","locations":[{"start":{"line":92,"column":2},"end":{"line":92,"column":null}},{"start":{},"end":{}}],"line":92}},"s":{"0":220,"1":220,"2":20,"3":180,"4":7,"5":3,"6":4,"7":8,"8":1,"9":7,"10":4,"11":4,"12":3,"13":12,"14":36,"15":22,"16":14,"17":7,"18":7,"19":14,"20":7,"21":14,"22":7,"23":14,"24":3,"25":7,"26":7,"27":3,"28":5,"29":3,"30":2,"31":5,"32":2,"33":3},"f":{"0":220,"1":20,"2":180,"3":7,"4":8,"5":12,"6":36,"7":7,"8":14,"9":14,"10":14,"11":3,"12":3,"13":5,"14":5},"b":{"0":[220],"1":[3,4],"2":[1,7],"3":[8,2],"4":[4,3],"5":[7,4,1],"6":[22,14],"7":[6,1],"8":[3,2],"9":[2,3]},"meta":{"lastBranch":10,"lastFunction":15,"lastStatement":34,"seen":{"f:3:16:3:38":0,"b:3:82:3:83":0,"s:4:23:4:52":0,"s:5:2:16:Infinity":1,"f:19:16:19:Infinity":1,"s:20:2:31:Infinity":2,"f:27:41:27:42":2,"s:28:6:28:Infinity":3,"f:34:16:34:35":3,"b:35:2:35:Infinity:undefined:undefined:undefined:undefined":1,"s:35:2:35:Infinity":4,"s:35:37:35:Infinity":5,"s:36:2:36:Infinity":6,"f:39:16:39:39":4,"b:40:2:42:Infinity:undefined:undefined:undefined:undefined":2,"s:40:2:42:Infinity":7,"b:40:6:40:39:40:39:40:53":3,"s:41:4:41:Infinity":8,"b:44:2:47:Infinity:undefined:undefined:undefined:undefined":4,"s:44:2:47:Infinity":9,"b:44:6:44:50:44:50:44:65:44:65:44:83":5,"s:45:28:45:83":10,"s:46:4:46:Infinity":11,"s:49:2:49:Infinity":12,"f:52:16:52:38":5,"s:53:2:58:Infinity":13,"f:53:34:53:35":6,"b:54:4:56:Infinity:undefined:undefined:undefined:undefined":6,"s:54:4:56:Infinity":14,"s:55:6:55:Infinity":15,"s:57:4:57:Infinity":16,"f:61:16:61:37":7,"s:62:21:62:Infinity":17,"s:63:25:63:Infinity":18,"f:63:47:63:52":8,"s:63:52:63:67":19,"s:64:30:64:90":20,"f:64:55:64:60":9,"s:64:60:64:84":21,"s:65:27:67:Infinity":22,"f:66:12:66:17":10,"s:66:17:66:Infinity":23,"f:67:9:67:14":11,"s:67:14:67:30":24,"s:68:19:68:Infinity":25,"b:68:37:68:89:68:89:68:Infinity":7,"s:70:2:77:Infinity":26,"f:80:16:80:32":12,"s:81:2:81:Infinity":27,"f:84:16:84:31":13,"b:85:2:87:Infinity:undefined:undefined:undefined:undefined":8,"s:85:2:87:Infinity":28,"s:86:4:86:Infinity":29,"s:88:2:88:Infinity":30,"f:91:16:91:28":14,"b:92:2:92:Infinity:undefined:undefined:undefined:undefined":9,"s:92:2:92:Infinity":31,"s:92:17:92:Infinity":32,"s:93:2:93:Infinity":33}}}
,"/home/runner/work/disc-golf-putting-tr/disc-golf-putting-tr/src/lib/storage.ts": {"path":"/home/runner/work/disc-golf-putting-tr/disc-golf-putting-tr/src/lib/storage.ts","statementMap":{"0":{"start":{"line":3,"column":28},"end":{"line":3,"column":null}},"1":{"start":{"line":4,"column":16},"end":{"line":4,"column":null}},"2":{"start":{"line":5,"column":19},"end":{"line":5,"column":null}},"3":{"start":{"line":6,"column":19},"end":{"line":6,"column":null}},"4":{"start":{"line":8,"column":37},"end":{"line":8,"column":null}},"5":{"start":{"line":11,"column":2},"end":{"line":32,"column":null}},"6":{"start":{"line":12,"column":4},"end":{"line":15,"column":null}},"7":{"start":{"line":13,"column":6},"end":{"line":13,"column":null}},"8":{"start":{"line":14,"column":6},"end":{"line":14,"column":null}},"9":{"start":{"line":17,"column":20},"end":{"line":17,"column":null}},"10":{"start":{"line":19,"column":4},"end":{"line":19,"column":null}},"11":{"start":{"line":19,"column":28},"end":{"line":19,"column":null}},"12":{"start":{"line":20,"column":4},"end":{"line":23,"column":null}},"13":{"start":{"line":21,"column":6},"end":{"line":21,"column":null}},"14":{"start":{"line":22,"column":6},"end":{"line":22,"column":null}},"15":{"start":{"line":25,"column":4},"end":{"line":31,"column":null}},"16":{"start":{"line":26,"column":17},"end":{"line":26,"column":58}},"17":{"start":{"line":27,"column":6},"end":{"line":30,"column":null}},"18":{"start":{"line":28,"column":28},"end":{"line":28,"column":null}},"19":{"start":{"line":29,"column":8},"end":{"line":29,"column":null}},"20":{"start":{"line":36,"column":2},"end":{"line":40,"column":null}},"21":{"start":{"line":37,"column":4},"end":{"line":37,"column":null}},"22":{"start":{"line":39,"column":4},"end":{"line":39,"column":null}},"23":{"start":{"line":44,"column":2},"end":{"line":51,"column":null}},"24":{"start":{"line":45,"column":19},"end":{"line":45,"column":null}},"25":{"start":{"line":46,"column":4},"end":{"line":46,"column":null}},"26":{"start":{"line":46,"column":17},"end":{"line":46,"column":null}},"27":{"start":{"line":47,"column":4},"end":{"line":47,"column":null}},"28":{"start":{"line":49,"column":4},"end":{"line":49,"column":null}},"29":{"start":{"line":50,"column":4},"end":{"line":50,"column":null}},"30":{"start":{"line":55,"column":2},"end":{"line":59,"column":null}},"31":{"start":{"line":56,"column":4},"end":{"line":56,"column":null}},"32":{"start":{"line":58,"column":4},"end":{"line":58,"column":null}},"33":{"start":{"line":63,"column":2},"end":{"line":86,"column":null}},"34":{"start":{"line":64,"column":15},"end":{"line":64,"column":null}},"35":{"start":{"line":65,"column":24},"end":{"line":65,"column":null}},"36":{"start":{"line":66,"column":18},"end":{"line":66,"column":null}},"37":{"start":{"line":68,"column":24},"end":{"line":76,"column":null}},"38":{"start":{"line":75,"column":49},"end":{"line":75,"column":64}},"39":{"start":{"line":78,"column":4},"end":{"line":78,"column":null}},"40":{"start":{"line":80,"column":4},"end":{"line":83,"column":null}},"41":{"start":{"line":81,"column":6},"end":{"line":81,"column":null}},"42":{"start":{"line":81,"column":37},"end":{"line":81,"column":null}},"43":{"start":{"line":82,"column":6},"end":{"line":82,"column":null}},"44":{"start":{"line":82,"column":34},"end":{"line":82,"column":null}},"45":{"start":{"line":85,"column":4},"end":{"line":85,"column":null}},"46":{"start":{"line":90,"column":2},"end":{"line":115,"column":null}},"47":{"start":{"line":91,"column":15},"end":{"line":91,"column":null}},"48":{"start":{"line":92,"column":24},"end":{"line":92,"column":null}},"49":{"start":{"line":93,"column":18},"end":{"line":93,"column":null}},"50":{"start":{"line":94,"column":18},"end":{"line":94,"column":null}},"51":{"start":{"line":96,"column":4},"end":{"line":111,"column":null}},"52":{"start":{"line":97,"column":22},"end":{"line":97,"column":null}},"53":{"start":{"line":98,"column":33},"end":{"line":98,"column":35}},"54":{"start":{"line":100,"column":6},"end":{"line":108,"column":null}},"55":{"start":{"line":101,"column":23},"end":{"line":101,"column":58}},"56":{"start":{"line":102,"column":8},"end":{"line":107,"column":null}},"57":{"start":{"line":103,"column":10},"end":{"line":103,"column":null}},"58":{"start":{"line":104,"column":10},"end":{"line":104,"column":null}},"59":{"start":{"line":106,"column":10},"end":{"line":106,"column":null}},"60":{"start":{"line":110,"column":6},"end":{"line":110,"column":null}},"61":{"start":{"line":110,"column":30},"end":{"line":110,"column":null}},"62":{"start":{"line":113,"column":4},"end":{"line":113,"column":null}},"63":{"start":{"line":114,"column":4},"end":{"line":114,"column":null}},"64":{"start":{"line":119,"column":2},"end":{"line":137,"column":null}},"65":{"start":{"line":120,"column":15},"end":{"line":120,"column":null}},"66":{"start":{"line":121,"column":21},"end":{"line":121,"column":null}},"67":{"start":{"line":122,"column":27},"end":{"line":122,"column":null}},"68":{"start":{"line":124,"column":24},"end":{"line":124,"column":null}},"69":{"start":{"line":125,"column":18},"end":{"line":125,"column":null}},"70":{"start":{"line":127,"column":4},"end":{"line":129,"column":null}},"71":{"start":{"line":128,"column":6},"end":{"line":128,"column":null}},"72":{"start":{"line":131,"column":4},"end":{"line":134,"column":null}},"73":{"start":{"line":132,"column":6},"end":{"line":132,"column":null}},"74":{"start":{"line":132,"column":37},"end":{"line":132,"column":null}},"75":{"start":{"line":133,"column":6},"end":{"line":133,"column":null}},"76":{"start":{"line":133,"column":34},"end":{"line":133,"column":null}},"77":{"start":{"line":136,"column":4},"end":{"line":136,"column":null}}},"fnMap":{"0":{"name":"initDB","decl":{"start":{"line":10,"column":16},"end":{"line":10,"column":null}},"loc":{"start":{"line":10,"column":16},"end":{"line":33,"column":null}},"line":10},"1":{"name":"(anonymous_1)","decl":{"start":{"line":11,"column":21},"end":{"line":11,"column":22}},"loc":{"start":{"line":11,"column":31},"end":{"line":32,"column":null}},"line":11},"2":{"name":"(anonymous_2)","decl":{"start":{"line":19,"column":22},"end":{"line":19,"column":28}},"loc":{"start":{"line":19,"column":28},"end":{"line":19,"column":null}},"line":19},"3":{"name":"(anonymous_3)","decl":{"start":{"line":20,"column":24},"end":{"line":20,"column":null}},"loc":{"start":{"line":20,"column":24},"end":{"line":23,"column":null}},"line":20},"4":{"name":"(anonymous_4)","decl":{"start":{"line":25,"column":30},"end":{"line":25,"column":31}},"loc":{"start":{"line":25,"column":31},"end":{"line":31,"column":null}},"line":25},"5":{"name":"saveCurrentSession","decl":{"start":{"line":35,"column":16},"end":{"line":35,"column":35}},"loc":{"start":{"line":35,"column":51},"end":{"line":41,"column":null}},"line":35},"6":{"name":"loadCurrentSession","decl":{"start":{"line":43,"column":16},"end":{"line":43,"column":null}},"loc":{"start":{"line":43,"column":16},"end":{"line":52,"column":null}},"line":43},"7":{"name":"clearCurrentSession","decl":{"start":{"line":54,"column":16},"end":{"line":54,"column":null}},"loc":{"start":{"line":54,"column":16},"end":{"line":60,"column":null}},"line":54},"8":{"name":"archiveSession","decl":{"start":{"line":62,"column":22},"end":{"line":62,"column":37}},"loc":{"start":{"line":62,"column":53},"end":{"line":87,"column":null}},"line":62},"9":{"name":"(anonymous_9)","decl":{"start":{"line":75,"column":44},"end":{"line":75,"column":49}},"loc":{"start":{"line":75,"column":49},"end":{"line":75,"column":64}},"line":75},"10":{"name":"(anonymous_10)","decl":{"start":{"line":80,"column":23},"end":{"line":80,"column":24}},"loc":{"start":{"line":80,"column":33},"end":{"line":83,"column":null}},"line":80},"11":{"name":"(anonymous_11)","decl":{"start":{"line":81,"column":31},"end":{"line":81,"column":37}},"loc":{"start":{"line":81,"column":37},"end":{"line":81,"column":null}},"line":81},"12":{"name":"(anonymous_12)","decl":{"start":{"line":82,"column":28},"end":{"line":82,"column":34}},"loc":{"start":{"line":82,"column":34},"end":{"line":82,"column":null}},"line":82},"13":{"name":"getSessionHistory","decl":{"start":{"line":89,"column":22},"end":{"line":89,"column":null}},"loc":{"start":{"line":89,"column":22},"end":{"line":116,"column":null}},"line":89},"14":{"name":"(anonymous_14)","decl":{"start":{"line":96,"column":23},"end":{"line":96,"column":24}},"loc":{"start":{"line":96,"column":33},"end":{"line":111,"column":null}},"line":96},"15":{"name":"(anonymous_15)","decl":{"start":{"line":100,"column":26},"end":{"line":100,"column":27}},"loc":{"start":{"line":100,"column":27},"end":{"line":108,"column":null}},"line":100},"16":{"name":"(anonymous_16)","decl":{"start":{"line":110,"column":24},"end":{"line":110,"column":30}},"loc":{"start":{"line":110,"column":30},"end":{"line":110,"column":null}},"line":110},"17":{"name":"deleteOldestSessions","decl":{"start":{"line":118,"column":22},"end":{"line":118,"column":43}},"loc":{"start":{"line":118,"column":56},"end":{"line":138,"column":null}},"line":118},"18":{"name":"(anonymous_18)","decl":{"start":{"line":131,"column":23},"end":{"line":131,"column":24}},"loc":{"start":{"line":131,"column":33},"end":{"line":134,"column":null}},"line":131},"19":{"name":"(anonymous_19)","decl":{"start":{"line":132,"column":31},"end":{"line":132,"column":37}},"loc":{"start":{"line":132,"column":37},"end":{"line":132,"column":null}},"line":132},"20":{"name":"(anonymous_20)","decl":{"start":{"line":133,"column":28},"end":{"line":133,"column":34}},"loc":{"start":{"line":133,"column":34},"end":{"line":133,"column":null}},"line":133}},"branchMap":{"0":{"loc":{"start":{"line":12,"column":4},"end":{"line":15,"column":null}},"type":"if","locations":[{"start":{"line":12,"column":4},"end":{"line":15,"column":null}},{"start":{},"end":{}}],"line":12},"1":{"loc":{"start":{"line":27,"column":6},"end":{"line":30,"column":null}},"type":"if","locations":[{"start":{"line":27,"column":6},"end":{"line":30,"column":null}},{"start":{},"end":{}}],"line":27},"2":{"loc":{"start":{"line":46,"column":4},"end":{"line":46,"column":null}},"type":"if","locations":[{"start":{"line":46,"column":4},"end":{"line":46,"column":null}},{"start":{},"end":{}}],"line":46},"3":{"loc":{"start":{"line":102,"column":8},"end":{"line":107,"column":null}},"type":"if","locations":[{"start":{"line":102,"column":8},"end":{"line":107,"column":null}},{"start":{"line":105,"column":15},"end":{"line":107,"column":null}}],"line":102}},"s":{"0":1,"1":1,"2":1,"3":1,"4":1,"5":4,"6":4,"7":0,"8":0,"9":4,"10":4,"11":0,"12":4,"13":0,"14":0,"15":4,"16":0,"17":0,"18":0,"19":0,"20":6,"21":6,"22":1,"23":5,"24":5,"25":5,"26":1,"27":4,"28":1,"29":1,"30":3,"31":3,"32":1,"33":2,"34":2,"35":0,"36":0,"37":0,"38":0,"39":0,"40":0,"41":0,"42":0,"43":0,"44":0,"45":0,"46":0,"47":0,"48":0,"49":0,"50":0,"51":0,"52":0,"53":0,"54":0,"55":0,"56":0,"57":0,"58":0,"59":0,"60":0,"61":0,"62":0,"63":0,"64":0,"65":0,"66":0,"67":0,"68":0,"69":0,"70":0,"71":0,"72":0,"73":0,"74":0,"75":0,"76":0,"77":0},"f":{"0":4,"1":4,"2":0,"3":0,"4":0,"5":6,"6":5,"7":3,"8":2,"9":0,"10":0,"11":0,"12":0,"13":0,"14":0,"15":0,"16":0,"17":0,"18":0,"19":0,"20":0},"b":{"0":[0,4],"1":[0,0],"2":[1,4],"3":[0,0]},"meta":{"lastBranch":4,"lastFunction":21,"lastStatement":78,"seen":{"s:3:28:3:Infinity":0,"s:4:16:4:Infinity":1,"s:5:19:5:Infinity":2,"s:6:19:6:Infinity":3,"s:8:37:8:Infinity":4,"f:10:16:10:Infinity":0,"s:11:2:32:Infinity":5,"f:11:21:11:22":1,"b:12:4:15:Infinity:undefined:undefined:undefined:undefined":0,"s:12:4:15:Infinity":6,"s:13:6:13:Infinity":7,"s:14:6:14:Infinity":8,"s:17:20:17:Infinity":9,"s:19:4:19:Infinity":10,"f:19:22:19:28":2,"s:19:28:19:Infinity":11,"s:20:4:23:Infinity":12,"f:20:24:20:Infinity":3,"s:21:6:21:Infinity":13,"s:22:6:22:Infinity":14,"s:25:4:31:Infinity":15,"f:25:30:25:31":4,"s:26:17:26:58":16,"b:27:6:30:Infinity:undefined:undefined:undefined:undefined":1,"s:27:6:30:Infinity":17,"s:28:28:28:Infinity":18,"s:29:8:29:Infinity":19,"f:35:16:35:35":5,"s:36:2:40:Infinity":20,"s:37:4:37:Infinity":21,"s:39:4:39:Infinity":22,"f:43:16:43:Infinity":6,"s:44:2:51:Infinity":23,"s:45:19:45:Infinity":24,"b:46:4:46:Infinity:undefined:undefined:undefined:undefined":2,"s:46:4:46:Infinity":25,"s:46:17:46:Infinity":26,"s:47:4:47:Infinity":27,"s:49:4:49:Infinity":28,"s:50:4:50:Infinity":29,"f:54:16:54:Infinity":7,"s:55:2:59:Infinity":30,"s:56:4:56:Infinity":31,"s:58:4:58:Infinity":32,"f:62:22:62:37":8,"s:63:2:86:Infinity":33,"s:64:15:64:Infinity":34,"s:65:24:65:Infinity":35,"s:66:18:66:Infinity":36,"s:68:24:76:Infinity":37,"f:75:44:75:49":9,"s:75:49:75:64":38,"s:78:4:78:Infinity":39,"s:80:4:83:Infinity":40,"f:80:23:80:24":10,"s:81:6:81:Infinity":41,"f:81:31:81:37":11,"s:81:37:81:Infinity":42,"s:82:6:82:Infinity":43,"f:82:28:82:34":12,"s:82:34:82:Infinity":44,"s:85:4:85:Infinity":45,"f:89:22:89:Infinity":13,"s:90:2:115:Infinity":46,"s:91:15:91:Infinity":47,"s:92:24:92:Infinity":48,"s:93:18:93:Infinity":49,"s:94:18:94:Infinity":50,"s:96:4:111:Infinity":51,"f:96:23:96:24":14,"s:97:22:97:Infinity":52,"s:98:33:98:35":53,"s:100:6:108:Infinity":54,"f:100:26:100:27":15,"s:101:23:101:58":55,"b:102:8:107:Infinity:105:15:107:Infinity":3,"s:102:8:107:Infinity":56,"s:103:10:103:Infinity":57,"s:104:10:104:Infinity":58,"s:106:10:106:Infinity":59,"s:110:6:110:Infinity":60,"f:110:24:110:30":16,"s:110:30:110:Infinity":61,"s:113:4:113:Infinity":62,"s:114:4:114:Infinity":63,"f:118:22:118:43":17,"s:119:2:137:Infinity":64,"s:120:15:120:Infinity":65,"s:121:21:121:Infinity":66,"s:122:27:122:Infinity":67,"s:124:24:124:Infinity":68,"s:125:18:125:Infinity":69,"s:127:4:129:Infinity":70,"s:128:6:128:Infinity":71,"s:131:4:134:Infinity":72,"f:131:23:131:24":18,"s:132:6:132:Infinity":73,"f:132:31:132:37":19,"s:132:37:132:Infinity":74,"s:133:6:133:Infinity":75,"f:133:28:133:34":20,"s:133:34:133:Infinity":76,"s:136:4:136:Infinity":77}}}
,"/home/runner/work/disc-golf-putting-tr/disc-golf-putting-tr/src/lib/types.ts": {"path":"/home/runner/work/disc-golf-putting-tr/disc-golf-putting-tr/src/lib/types.ts","statementMap":{"0":{"start":{"line":48,"column":53},"end":{"line":58,"column":null}}},"fnMap":{},"branchMap":{},"s":{"0":2},"f":{},"b":{},"meta":{"lastBranch":0,"lastFunction":0,"lastStatement":1,"seen":{"s:48:53:58:Infinity":0}}}
}
