TN:
SF:src/lib/game-logic.ts
FN:3,createInitialPosition
FN:19,createNewSession
FN:27,(anonymous_2)
FN:34,calculateCarryover
FN:39,calculatePositionScore
FN:52,calculateSessionScore
FN:53,(anonymous_6)
FN:61,createSessionSummary
FN:63,(anonymous_8)
FN:64,(anonymous_9)
FN:66,(anonymous_10)
FN:67,(anonymous_11)
FN:80,getPositionName
FN:84,formatDuration
FN:91,formatScore
FNF:15
FNH:15
FNDA:220,createInitialPosition
FNDA:20,createNewSession
FNDA:180,(anonymous_2)
FNDA:7,calculateCarryover
FNDA:8,calculatePositionScore
FNDA:12,calculateSessionScore
FNDA:36,(anonymous_6)
FNDA:7,createSessionSummary
FNDA:14,(anonymous_8)
FNDA:14,(anonymous_9)
FNDA:14,(anonymous_10)
FNDA:3,(anonymous_11)
FNDA:3,getPositionName
FNDA:5,formatDuration
FNDA:5,formatScore
DA:4,220
DA:5,220
DA:20,20
DA:28,180
DA:35,7
DA:36,4
DA:40,8
DA:41,1
DA:44,7
DA:45,4
DA:46,4
DA:49,3
DA:53,12
DA:54,36
DA:55,22
DA:57,14
DA:62,7
DA:63,14
DA:64,14
DA:65,7
DA:66,14
DA:67,3
DA:68,7
DA:70,7
DA:81,3
DA:85,5
DA:86,3
DA:88,2
DA:92,5
DA:93,3
LF:30
LH:30
BRDA:3,0,0,220
BRDA:35,1,0,3
BRDA:35,1,1,4
BRDA:40,2,0,1
BRDA:40,2,1,7
BRDA:40,3,0,8
BRDA:40,3,1,2
BRDA:44,4,0,4
BRDA:44,4,1,3
BRDA:44,5,0,7
BRDA:44,5,1,4
BRDA:44,5,2,1
BRDA:54,6,0,22
BRDA:54,6,1,14
BRDA:68,7,0,6
BRDA:68,7,1,1
BRDA:85,8,0,3
BRDA:85,8,1,2
BRDA:92,9,0,2
BRDA:92,9,1,3
BRF:20
BRH:20
end_of_record
TN:
SF:src/lib/storage.ts
FN:10,initDB
FN:11,(anonymous_1)
FN:19,(anonymous_2)
FN:20,(anonymous_3)
FN:25,(anonymous_4)
FN:35,saveCurrentSession
FN:43,loadCurrentSession
FN:54,clearCurrentSession
FN:62,archiveSession
FN:75,(anonymous_9)
FN:80,(anonymous_10)
FN:81,(anonymous_11)
FN:82,(anonymous_12)
FN:89,getSessionHistory
FN:96,(anonymous_14)
FN:100,(anonymous_15)
FN:110,(anonymous_16)
FN:118,deleteOldestSessions
FN:131,(anonymous_18)
FN:132,(anonymous_19)
FN:133,(anonymous_20)
FNF:21
FNH:6
FNDA:4,initDB
FNDA:4,(anonymous_1)
FNDA:0,(anonymous_2)
FNDA:0,(anonymous_3)
FNDA:0,(anonymous_4)
FNDA:6,saveCurrentSession
FNDA:5,loadCurrentSession
FNDA:3,clearCurrentSession
FNDA:2,archiveSession
FNDA:0,(anonymous_9)
FNDA:0,(anonymous_10)
FNDA:0,(anonymous_11)
FNDA:0,(anonymous_12)
FNDA:0,getSessionHistory
FNDA:0,(anonymous_14)
FNDA:0,(anonymous_15)
FNDA:0,(anonymous_16)
FNDA:0,deleteOldestSessions
FNDA:0,(anonymous_18)
FNDA:0,(anonymous_19)
FNDA:0,(anonymous_20)
DA:3,1
DA:4,1
DA:5,1
DA:6,1
DA:8,1
DA:11,4
DA:12,4
DA:13,0
DA:14,0
DA:17,4
DA:19,4
DA:20,4
DA:21,0
DA:22,0
DA:25,4
DA:26,0
DA:27,0
DA:28,0
DA:29,0
DA:36,6
DA:37,6
DA:39,1
DA:44,5
DA:45,5
DA:46,5
DA:47,4
DA:49,1
DA:50,1
DA:55,3
DA:56,3
DA:58,1
DA:63,2
DA:64,2
DA:65,0
DA:66,0
DA:68,0
DA:75,0
DA:78,0
DA:80,0
DA:81,0
DA:82,0
DA:85,0
DA:90,0
DA:91,0
DA:92,0
DA:93,0
DA:94,0
DA:96,0
DA:97,0
DA:98,0
DA:100,0
DA:101,0
DA:102,0
DA:103,0
DA:104,0
DA:106,0
DA:110,0
DA:113,0
DA:114,0
DA:119,0
DA:120,0
DA:121,0
DA:122,0
DA:124,0
DA:125,0
DA:127,0
DA:128,0
DA:131,0
DA:132,0
DA:133,0
DA:136,0
LF:71
LH:25
BRDA:12,0,0,0
BRDA:12,0,1,4
BRDA:27,1,0,0
BRDA:27,1,1,0
BRDA:46,2,0,1
BRDA:46,2,1,4
BRDA:102,3,0,0
BRDA:102,3,1,0
BRF:8
BRH:3
end_of_record
TN:
SF:src/lib/types.ts
FNF:0
FNH:0
DA:48,2
LF:1
LH:1
BRF:0
BRH:0
end_of_record
